<?xml version="1.0" encoding="UTF-8"?>
<!-- Generated by org.testng.reporters.JUnitReportReporter -->
<testsuite skipped="0" hostname="DV-100871" name="com.qa.testngsessions.TestNGBasics" tests="4" failures="0" timestamp="19 Nov 2021 11:26:22 GMT" time="7.426" errors="0">
  <testcase name="test2" time="0.003" classname="com.qa.testngsessions.TestNGBasics"/>
  <testcase name="test1" time="7.418" classname="com.qa.testngsessions.TestNGBasics"/>
  <testcase name="test3" time="0.002" classname="com.qa.testngsessions.TestNGBasics"/>
  <testcase name="test4" time="0.003" classname="com.qa.testngsessions.TestNGBasics"/>
</testsuite> <!-- com.qa.testngsessions.TestNGBasics -->
