<?xml version="1.0" encoding="UTF-8"?>
<!-- Generated by org.testng.reporters.JUnitReportReporter -->
<testsuite skipped="0" hostname="DV-100871" name="com.qa.testngsessions.AmazonTest" tests="2" failures="0" timestamp="19 Nov 2021 12:49:01 GMT" time="12.088" errors="0">
  <testcase name="amazonPageTitleTest" time="1.996" classname="com.qa.testngsessions.AmazonTest"/>
  <testcase name="amazonLogoTest" time="10.092" classname="com.qa.testngsessions.AmazonTest"/>
</testsuite> <!-- com.qa.testngsessions.AmazonTest -->
