<?xml version="1.0" encoding="UTF-8"?>
<!-- Generated by org.testng.reporters.JUnitReportReporter -->
<testsuite skipped="0" hostname="DV-100871" name="Mytests.DemoCartTest" tests="2" failures="0" timestamp="20 Nov 2021 09:06:00 GMT" time="1.655" errors="0">
  <testcase name="demoCartTitleTest" time="1.649" classname="Mytests.DemoCartTest"/>
  <testcase name="demoCartUrlTest" time="0.006" classname="Mytests.DemoCartTest"/>
</testsuite> <!-- Mytests.DemoCartTest -->
