<?xml version="1.0" encoding="UTF-8"?>
<!-- Generated by org.testng.reporters.JUnitReportReporter -->
<testsuite skipped="0" hostname="DV-100871" name="com.qa.opencart.tests.HomePageTest" tests="1" failures="0" timestamp="28 Oct 2021 05:04:39 GMT" time="8.782" errors="0">
  <testcase name="launching" time="8.782" classname="com.qa.opencart.tests.HomePageTest"/>
</testsuite> <!-- com.qa.opencart.tests.HomePageTest -->
