<?xml version="1.0" encoding="UTF-8"?>
<!-- Generated by org.testng.reporters.JUnitReportReporter -->
<testsuite skipped="0" hostname="DV-100871" name="com.qa.testngsessions.AmazonTestBM" tests="2" failures="0" timestamp="19 Nov 2021 13:06:12 GMT" time="16.133" errors="0">
  <testcase name="amazonLogoTest" time="12.109" classname="com.qa.testngsessions.AmazonTestBM"/>
  <testcase name="amazonPageTitleTest" time="4.024" classname="com.qa.testngsessions.AmazonTestBM"/>
</testsuite> <!-- com.qa.testngsessions.AmazonTestBM -->
