<?xml version="1.0" encoding="UTF-8"?>
<!-- Generated by org.testng.reporters.JUnitReportReporter -->
<testsuite skipped="0" hostname="DV-100871" name="Mytests.amazonTest" tests="2" failures="0" timestamp="20 Nov 2021 09:06:00 GMT" time="2.736" errors="0">
  <testcase name="demoCartTitleTest" time="2.645" classname="Mytests.amazonTest"/>
  <testcase name="amazonLogoTest" time="0.091" classname="Mytests.amazonTest"/>
</testsuite> <!-- Mytests.amazonTest -->
